mode: set
github.com/hashicorp/copywrite/addlicense/main.go:67.13,68.22 1 1
github.com/hashicorp/copywrite/addlicense/main.go:68.22,71.3 2 0
github.com/hashicorp/copywrite/addlicense/main.go:72.2,74.113 3 1
github.com/hashicorp/copywrite/addlicense/main.go:80.39,82.2 1 1
github.com/hashicorp/copywrite/addlicense/main.go:84.47,87.2 2 0
github.com/hashicorp/copywrite/addlicense/main.go:100.38,100.53 1 0
github.com/hashicorp/copywrite/addlicense/main.go:101.38,101.59 1 1
github.com/hashicorp/copywrite/addlicense/main.go:103.44,105.34 2 0
github.com/hashicorp/copywrite/addlicense/main.go:105.34,107.3 1 0
github.com/hashicorp/copywrite/addlicense/main.go:108.2,109.12 2 0
github.com/hashicorp/copywrite/addlicense/main.go:112.13,114.22 2 0
github.com/hashicorp/copywrite/addlicense/main.go:114.22,117.3 2 0
github.com/hashicorp/copywrite/addlicense/main.go:120.2,123.39 2 0
github.com/hashicorp/copywrite/addlicense/main.go:123.39,125.3 1 0
github.com/hashicorp/copywrite/addlicense/main.go:128.2,128.47 1 0
github.com/hashicorp/copywrite/addlicense/main.go:128.47,130.3 1 0
github.com/hashicorp/copywrite/addlicense/main.go:132.2,153.16 4 0
github.com/hashicorp/copywrite/addlicense/main.go:153.16,154.46 1 0
github.com/hashicorp/copywrite/addlicense/main.go:154.46,158.4 1 0
github.com/hashicorp/copywrite/addlicense/main.go:158.9,160.4 1 0
github.com/hashicorp/copywrite/addlicense/main.go:164.48,166.29 2 1
github.com/hashicorp/copywrite/addlicense/main.go:166.29,167.37 1 0
github.com/hashicorp/copywrite/addlicense/main.go:167.37,169.4 1 0
github.com/hashicorp/copywrite/addlicense/main.go:172.2,172.31 1 1
github.com/hashicorp/copywrite/addlicense/main.go:172.31,174.3 1 0
github.com/hashicorp/copywrite/addlicense/main.go:174.8,174.37 1 1
github.com/hashicorp/copywrite/addlicense/main.go:174.37,176.3 1 0
github.com/hashicorp/copywrite/addlicense/main.go:178.2,178.12 1 1
github.com/hashicorp/copywrite/addlicense/main.go:191.17,194.16 2 1
github.com/hashicorp/copywrite/addlicense/main.go:194.16,196.3 1 0
github.com/hashicorp/copywrite/addlicense/main.go:197.2,200.16 3 1
github.com/hashicorp/copywrite/addlicense/main.go:200.16,202.3 1 0
github.com/hashicorp/copywrite/addlicense/main.go:203.2,204.16 2 1
github.com/hashicorp/copywrite/addlicense/main.go:204.16,206.3 1 0
github.com/hashicorp/copywrite/addlicense/main.go:209.2,213.12 5 1
github.com/hashicorp/copywrite/addlicense/main.go:213.12,215.21 2 1
github.com/hashicorp/copywrite/addlicense/main.go:215.21,217.23 2 1
github.com/hashicorp/copywrite/addlicense/main.go:217.23,219.17 2 1
github.com/hashicorp/copywrite/addlicense/main.go:219.17,221.6 1 1
github.com/hashicorp/copywrite/addlicense/main.go:222.5,222.15 1 1
github.com/hashicorp/copywrite/addlicense/main.go:225.3,226.14 2 1
github.com/hashicorp/copywrite/addlicense/main.go:229.2,229.29 1 1
github.com/hashicorp/copywrite/addlicense/main.go:229.29,230.45 1 1
github.com/hashicorp/copywrite/addlicense/main.go:230.45,232.4 1 0
github.com/hashicorp/copywrite/addlicense/main.go:234.2,237.32 3 1
github.com/hashicorp/copywrite/addlicense/main.go:240.134,241.15 1 1
github.com/hashicorp/copywrite/addlicense/main.go:241.15,244.17 2 0
github.com/hashicorp/copywrite/addlicense/main.go:244.17,247.4 2 0
github.com/hashicorp/copywrite/addlicense/main.go:248.3,248.17 1 0
github.com/hashicorp/copywrite/addlicense/main.go:248.17,250.4 1 0
github.com/hashicorp/copywrite/addlicense/main.go:252.3,253.17 2 0
github.com/hashicorp/copywrite/addlicense/main.go:253.17,256.4 2 0
github.com/hashicorp/copywrite/addlicense/main.go:257.3,257.18 1 0
github.com/hashicorp/copywrite/addlicense/main.go:257.18,260.4 2 0
github.com/hashicorp/copywrite/addlicense/main.go:262.3,263.17 2 0
github.com/hashicorp/copywrite/addlicense/main.go:263.17,266.4 2 0
github.com/hashicorp/copywrite/addlicense/main.go:267.3,267.18 1 0
github.com/hashicorp/copywrite/addlicense/main.go:267.18,270.4 2 0
github.com/hashicorp/copywrite/addlicense/main.go:271.8,274.17 2 1
github.com/hashicorp/copywrite/addlicense/main.go:274.17,277.4 2 0
github.com/hashicorp/copywrite/addlicense/main.go:280.3,280.16 1 1
github.com/hashicorp/copywrite/addlicense/main.go:280.16,282.18 2 0
github.com/hashicorp/copywrite/addlicense/main.go:282.18,285.5 2 0
github.com/hashicorp/copywrite/addlicense/main.go:286.4,286.15 1 0
github.com/hashicorp/copywrite/addlicense/main.go:286.15,289.5 2 0
github.com/hashicorp/copywrite/addlicense/main.go:290.9,293.4 2 1
github.com/hashicorp/copywrite/addlicense/main.go:295.2,295.19 1 0
github.com/hashicorp/copywrite/addlicense/main.go:303.68,304.81 1 1
github.com/hashicorp/copywrite/addlicense/main.go:304.81,305.17 1 1
github.com/hashicorp/copywrite/addlicense/main.go:305.17,308.4 2 0
github.com/hashicorp/copywrite/addlicense/main.go:309.3,309.17 1 1
github.com/hashicorp/copywrite/addlicense/main.go:309.17,310.58 1 1
github.com/hashicorp/copywrite/addlicense/main.go:310.58,313.5 2 0
github.com/hashicorp/copywrite/addlicense/main.go:314.4,314.14 1 1
github.com/hashicorp/copywrite/addlicense/main.go:319.3,319.36 1 1
github.com/hashicorp/copywrite/addlicense/main.go:319.36,322.4 2 1
github.com/hashicorp/copywrite/addlicense/main.go:323.3,323.40 1 1
github.com/hashicorp/copywrite/addlicense/main.go:323.40,327.4 2 0
github.com/hashicorp/copywrite/addlicense/main.go:328.3,329.13 2 1
github.com/hashicorp/copywrite/addlicense/main.go:335.55,336.29 1 1
github.com/hashicorp/copywrite/addlicense/main.go:336.29,338.32 1 1
github.com/hashicorp/copywrite/addlicense/main.go:338.32,342.4 1 0
github.com/hashicorp/copywrite/addlicense/main.go:345.3,345.51 1 1
github.com/hashicorp/copywrite/addlicense/main.go:345.51,347.4 1 1
github.com/hashicorp/copywrite/addlicense/main.go:349.2,349.14 1 1
github.com/hashicorp/copywrite/addlicense/main.go:355.106,359.30 4 1
github.com/hashicorp/copywrite/addlicense/main.go:359.30,361.3 1 0
github.com/hashicorp/copywrite/addlicense/main.go:363.2,364.16 2 1
github.com/hashicorp/copywrite/addlicense/main.go:364.16,366.3 1 0
github.com/hashicorp/copywrite/addlicense/main.go:367.2,367.37 1 1
github.com/hashicorp/copywrite/addlicense/main.go:367.37,369.3 1 1
github.com/hashicorp/copywrite/addlicense/main.go:371.2,372.19 2 1
github.com/hashicorp/copywrite/addlicense/main.go:372.19,374.32 2 1
github.com/hashicorp/copywrite/addlicense/main.go:374.32,376.4 1 0
github.com/hashicorp/copywrite/addlicense/main.go:377.3,377.29 1 1
github.com/hashicorp/copywrite/addlicense/main.go:379.2,380.43 2 1
github.com/hashicorp/copywrite/addlicense/main.go:384.45,386.16 2 1
github.com/hashicorp/copywrite/addlicense/main.go:386.16,388.3 1 1
github.com/hashicorp/copywrite/addlicense/main.go:389.2,389.24 1 1
github.com/hashicorp/copywrite/addlicense/main.go:396.93,399.16 2 1
github.com/hashicorp/copywrite/addlicense/main.go:399.16,401.3 1 0
github.com/hashicorp/copywrite/addlicense/main.go:402.2,402.11 1 1
github.com/hashicorp/copywrite/addlicense/main.go:402.11,404.3 1 1
github.com/hashicorp/copywrite/addlicense/main.go:406.2,407.16 2 1
github.com/hashicorp/copywrite/addlicense/main.go:407.16,409.3 1 0
github.com/hashicorp/copywrite/addlicense/main.go:412.2,421.39 4 1
github.com/hashicorp/copywrite/addlicense/main.go:421.39,438.71 2 1
github.com/hashicorp/copywrite/addlicense/main.go:438.71,441.23 2 1
github.com/hashicorp/copywrite/addlicense/main.go:441.23,443.5 1 0
github.com/hashicorp/copywrite/addlicense/main.go:445.4,450.28 4 1
github.com/hashicorp/copywrite/addlicense/main.go:450.28,452.5 1 1
github.com/hashicorp/copywrite/addlicense/main.go:453.4,453.26 1 1
github.com/hashicorp/copywrite/addlicense/main.go:453.26,455.5 1 1
github.com/hashicorp/copywrite/addlicense/main.go:456.4,459.26 3 1
github.com/hashicorp/copywrite/addlicense/main.go:463.2,463.14 1 1
github.com/hashicorp/copywrite/addlicense/main.go:463.14,465.3 1 1
github.com/hashicorp/copywrite/addlicense/main.go:467.2,467.49 1 1
github.com/hashicorp/copywrite/addlicense/main.go:472.79,475.16 2 1
github.com/hashicorp/copywrite/addlicense/main.go:475.16,477.3 1 0
github.com/hashicorp/copywrite/addlicense/main.go:478.2,478.11 1 1
github.com/hashicorp/copywrite/addlicense/main.go:478.11,480.3 1 1
github.com/hashicorp/copywrite/addlicense/main.go:482.2,483.16 2 1
github.com/hashicorp/copywrite/addlicense/main.go:483.16,485.3 1 0
github.com/hashicorp/copywrite/addlicense/main.go:488.2,494.39 2 1
github.com/hashicorp/copywrite/addlicense/main.go:494.39,505.23 2 1
github.com/hashicorp/copywrite/addlicense/main.go:505.23,507.4 1 1
github.com/hashicorp/copywrite/addlicense/main.go:510.2,510.19 1 1
github.com/hashicorp/copywrite/addlicense/main.go:514.48,516.16 2 0
github.com/hashicorp/copywrite/addlicense/main.go:516.16,518.3 1 0
github.com/hashicorp/copywrite/addlicense/main.go:520.2,520.45 1 0
github.com/hashicorp/copywrite/addlicense/main.go:526.92,531.29 4 1
github.com/hashicorp/copywrite/addlicense/main.go:532.59,533.61 1 1
github.com/hashicorp/copywrite/addlicense/main.go:534.94,535.62 1 1
github.com/hashicorp/copywrite/addlicense/main.go:536.130,537.56 1 1
github.com/hashicorp/copywrite/addlicense/main.go:538.223,539.55 1 1
github.com/hashicorp/copywrite/addlicense/main.go:540.22,541.56 1 1
github.com/hashicorp/copywrite/addlicense/main.go:542.14,543.55 1 1
github.com/hashicorp/copywrite/addlicense/main.go:544.29,545.56 1 1
github.com/hashicorp/copywrite/addlicense/main.go:546.14,547.60 1 1
github.com/hashicorp/copywrite/addlicense/main.go:548.63,549.61 1 1
github.com/hashicorp/copywrite/addlicense/main.go:550.14,551.56 1 1
github.com/hashicorp/copywrite/addlicense/main.go:552.37,553.61 1 1
github.com/hashicorp/copywrite/addlicense/main.go:554.14,555.63 1 1
github.com/hashicorp/copywrite/addlicense/main.go:556.10,558.108 1 1
github.com/hashicorp/copywrite/addlicense/main.go:558.108,560.4 1 1
github.com/hashicorp/copywrite/addlicense/main.go:562.2,562.17 1 1
github.com/hashicorp/copywrite/addlicense/main.go:567.40,568.38 1 1
github.com/hashicorp/copywrite/addlicense/main.go:568.38,570.3 1 1
github.com/hashicorp/copywrite/addlicense/main.go:571.2,571.13 1 1
github.com/hashicorp/copywrite/addlicense/main.go:597.49,600.29 3 1
github.com/hashicorp/copywrite/addlicense/main.go:601.19,602.38 1 0
github.com/hashicorp/copywrite/addlicense/main.go:603.10,604.28 1 1
github.com/hashicorp/copywrite/addlicense/main.go:607.2,607.33 1 1
github.com/hashicorp/copywrite/addlicense/main.go:607.33,610.21 3 0
github.com/hashicorp/copywrite/addlicense/main.go:610.21,612.4 1 0
github.com/hashicorp/copywrite/addlicense/main.go:614.2,614.17 1 1
github.com/hashicorp/copywrite/addlicense/main.go:617.45,621.19 3 1
github.com/hashicorp/copywrite/addlicense/main.go:621.19,623.3 1 0
github.com/hashicorp/copywrite/addlicense/main.go:625.2,625.22 1 1
github.com/hashicorp/copywrite/addlicense/main.go:625.22,627.16 2 1
github.com/hashicorp/copywrite/addlicense/main.go:627.16,628.9 1 1
github.com/hashicorp/copywrite/addlicense/main.go:631.2,632.25 2 1
github.com/hashicorp/copywrite/addlicense/main.go:632.25,633.34 1 1
github.com/hashicorp/copywrite/addlicense/main.go:633.34,635.4 1 1
github.com/hashicorp/copywrite/addlicense/main.go:638.2,638.12 1 1
github.com/hashicorp/copywrite/addlicense/main.go:652.33,654.2 1 1
github.com/hashicorp/copywrite/addlicense/main.go:656.32,658.19 2 1
github.com/hashicorp/copywrite/addlicense/main.go:658.19,660.3 1 1
github.com/hashicorp/copywrite/addlicense/main.go:661.2,663.74 1 1
github.com/hashicorp/copywrite/addlicense/spdx.go:1871.32,1872.28 1 1
github.com/hashicorp/copywrite/addlicense/spdx.go:1872.28,1873.14 1 1
github.com/hashicorp/copywrite/addlicense/spdx.go:1873.14,1875.4 1 1
github.com/hashicorp/copywrite/addlicense/spdx.go:1877.2,1877.14 1 1
github.com/hashicorp/copywrite/addlicense/tmpl.go:53.88,55.22 2 1
github.com/hashicorp/copywrite/addlicense/tmpl.go:55.22,57.3 1 1
github.com/hashicorp/copywrite/addlicense/tmpl.go:57.8,57.31 1 1
github.com/hashicorp/copywrite/addlicense/tmpl.go:57.31,59.17 2 1
github.com/hashicorp/copywrite/addlicense/tmpl.go:59.17,61.4 1 1
github.com/hashicorp/copywrite/addlicense/tmpl.go:63.3,63.16 1 1
github.com/hashicorp/copywrite/addlicense/tmpl.go:64.8,66.14 2 1
github.com/hashicorp/copywrite/addlicense/tmpl.go:66.14,67.22 1 1
github.com/hashicorp/copywrite/addlicense/tmpl.go:67.22,70.5 1 0
github.com/hashicorp/copywrite/addlicense/tmpl.go:70.10,74.5 1 1
github.com/hashicorp/copywrite/addlicense/tmpl.go:75.9,75.28 1 1
github.com/hashicorp/copywrite/addlicense/tmpl.go:75.28,78.4 1 1
github.com/hashicorp/copywrite/addlicense/tmpl.go:81.2,81.15 1 1
github.com/hashicorp/copywrite/addlicense/tmpl.go:86.97,88.43 2 1
github.com/hashicorp/copywrite/addlicense/tmpl.go:88.43,90.3 1 0
github.com/hashicorp/copywrite/addlicense/tmpl.go:91.2,92.15 2 1
github.com/hashicorp/copywrite/addlicense/tmpl.go:92.15,94.3 1 1
github.com/hashicorp/copywrite/addlicense/tmpl.go:95.2,96.15 2 1
github.com/hashicorp/copywrite/addlicense/tmpl.go:96.15,98.3 1 1
github.com/hashicorp/copywrite/addlicense/tmpl.go:99.2,99.15 1 1
github.com/hashicorp/copywrite/addlicense/tmpl.go:99.15,101.3 1 1
github.com/hashicorp/copywrite/addlicense/tmpl.go:102.2,103.25 2 1
github.com/hashicorp/copywrite/main.go:11.13,19.2 3 0
github.com/hashicorp/copywrite/dispatch/dispatch.go:46.89,48.32 1 1
github.com/hashicorp/copywrite/dispatch/dispatch.go:48.32,50.3 1 1
github.com/hashicorp/copywrite/dispatch/dispatch.go:52.2,52.40 1 1
github.com/hashicorp/copywrite/dispatch/dispatch.go:52.40,57.17 4 1
github.com/hashicorp/copywrite/dispatch/dispatch.go:57.17,59.4 1 1
github.com/hashicorp/copywrite/dispatch/dispatch.go:61.3,61.23 1 1
github.com/hashicorp/copywrite/dispatch/dispatch.go:62.20,63.14 1 1
github.com/hashicorp/copywrite/dispatch/dispatch.go:64.17,64.17 0 0
github.com/hashicorp/copywrite/dispatch/dispatch.go:66.22,66.22 0 1
github.com/hashicorp/copywrite/dispatch/dispatch.go:68.11,69.104 1 1
github.com/hashicorp/copywrite/dispatch/dispatch.go:73.2,73.38 1 1
github.com/hashicorp/copywrite/dispatch/dispatch.go:84.95,91.40 2 1
github.com/hashicorp/copywrite/dispatch/dispatch.go:91.40,95.17 3 1
github.com/hashicorp/copywrite/dispatch/dispatch.go:95.17,98.4 1 1
github.com/hashicorp/copywrite/dispatch/dispatch.go:100.3,100.39 1 1
github.com/hashicorp/copywrite/dispatch/dispatch.go:100.39,101.26 1 1
github.com/hashicorp/copywrite/dispatch/dispatch.go:101.26,103.5 1 1
github.com/hashicorp/copywrite/dispatch/dispatch.go:106.3,106.68 1 1
github.com/hashicorp/copywrite/dispatch/dispatch.go:108.2,108.60 1 1
github.com/hashicorp/copywrite/dispatch/dispatch.go:118.101,119.25 1 1
github.com/hashicorp/copywrite/dispatch/dispatch.go:119.25,141.17 6 1
github.com/hashicorp/copywrite/dispatch/dispatch.go:141.17,148.12 3 1
github.com/hashicorp/copywrite/dispatch/dispatch.go:154.3,155.17 2 1
github.com/hashicorp/copywrite/dispatch/dispatch.go:155.17,162.12 3 1
github.com/hashicorp/copywrite/dispatch/dispatch.go:167.3,168.17 2 1
github.com/hashicorp/copywrite/dispatch/dispatch.go:168.17,175.12 3 1
github.com/hashicorp/copywrite/dispatch/dispatch.go:179.3,184.4 2 1
github.com/hashicorp/copywrite/config/config.go:87.29,99.16 5 1
github.com/hashicorp/copywrite/config/config.go:99.16,101.3 1 0
github.com/hashicorp/copywrite/config/config.go:103.2,103.15 1 1
github.com/hashicorp/copywrite/config/config.go:108.24,110.16 2 1
github.com/hashicorp/copywrite/config/config.go:110.16,111.13 1 0
github.com/hashicorp/copywrite/config/config.go:114.2,114.10 1 1
github.com/hashicorp/copywrite/config/config.go:128.63,130.16 2 1
github.com/hashicorp/copywrite/config/config.go:130.16,132.3 1 0
github.com/hashicorp/copywrite/config/config.go:135.2,136.16 2 1
github.com/hashicorp/copywrite/config/config.go:136.16,138.3 1 0
github.com/hashicorp/copywrite/config/config.go:140.2,140.12 1 1
github.com/hashicorp/copywrite/config/config.go:161.118,167.25 2 1
github.com/hashicorp/copywrite/config/config.go:167.25,169.3 1 1
github.com/hashicorp/copywrite/config/config.go:172.2,172.94 1 1
github.com/hashicorp/copywrite/config/config.go:172.94,180.3 3 1
github.com/hashicorp/copywrite/config/config.go:183.2,184.16 2 1
github.com/hashicorp/copywrite/config/config.go:184.16,186.3 1 0
github.com/hashicorp/copywrite/config/config.go:189.2,190.16 2 1
github.com/hashicorp/copywrite/config/config.go:190.16,192.3 1 0
github.com/hashicorp/copywrite/config/config.go:194.2,194.12 1 1
github.com/hashicorp/copywrite/config/config.go:207.55,209.16 2 1
github.com/hashicorp/copywrite/config/config.go:209.16,211.3 1 0
github.com/hashicorp/copywrite/config/config.go:212.2,215.40 2 1
github.com/hashicorp/copywrite/config/config.go:215.40,217.3 1 0
github.com/hashicorp/copywrite/config/config.go:220.2,221.16 2 1
github.com/hashicorp/copywrite/config/config.go:221.16,223.3 1 0
github.com/hashicorp/copywrite/config/config.go:226.2,227.16 2 1
github.com/hashicorp/copywrite/config/config.go:227.16,229.3 1 0
github.com/hashicorp/copywrite/config/config.go:231.2,231.12 1 1
github.com/hashicorp/copywrite/config/config.go:236.34,238.2 1 1
github.com/hashicorp/copywrite/config/config.go:242.41,244.2 1 1
github.com/hashicorp/copywrite/config/config.go:248.46,254.24 3 1
github.com/hashicorp/copywrite/config/config.go:254.24,255.40 1 0
github.com/hashicorp/copywrite/config/config.go:255.40,257.4 1 0
github.com/hashicorp/copywrite/config/config.go:260.2,261.16 2 1
github.com/hashicorp/copywrite/config/config.go:261.16,264.3 1 1
github.com/hashicorp/copywrite/config/config.go:267.2,268.39 2 1
github.com/hashicorp/copywrite/config/config.go:268.39,270.3 1 0
github.com/hashicorp/copywrite/config/config.go:272.2,273.59 2 1
github.com/hashicorp/copywrite/config/config.go:273.59,276.3 1 0
github.com/hashicorp/copywrite/config/config.go:278.2,278.13 1 1
github.com/hashicorp/copywrite/config/config.go:281.48,286.24 3 1
github.com/hashicorp/copywrite/config/config.go:286.24,287.66 1 1
github.com/hashicorp/copywrite/config/config.go:287.66,289.4 1 1
github.com/hashicorp/copywrite/config/config.go:289.9,292.4 1 1
github.com/hashicorp/copywrite/config/config.go:296.2,296.34 1 1
github.com/hashicorp/copywrite/config/config.go:296.34,298.3 1 1
github.com/hashicorp/copywrite/config/config.go:301.2,301.58 1 1
github.com/hashicorp/copywrite/config/config.go:305.61,307.2 1 1
github.com/hashicorp/copywrite/github/client.go:40.41,42.2 1 1
github.com/hashicorp/copywrite/github/client.go:46.56,52.16 4 1
github.com/hashicorp/copywrite/github/client.go:52.16,54.3 1 1
github.com/hashicorp/copywrite/github/client.go:58.2,59.16 2 1
github.com/hashicorp/copywrite/github/client.go:59.16,61.3 1 0
github.com/hashicorp/copywrite/github/client.go:63.2,67.56 4 1
github.com/hashicorp/copywrite/github/client.go:67.56,69.3 1 1
github.com/hashicorp/copywrite/github/client.go:72.2,73.32 2 1
github.com/hashicorp/copywrite/github/client.go:79.55,87.16 4 1
github.com/hashicorp/copywrite/github/client.go:87.16,89.3 1 0
github.com/hashicorp/copywrite/github/client.go:100.2,101.16 2 1
github.com/hashicorp/copywrite/github/client.go:101.16,104.3 2 1
github.com/hashicorp/copywrite/github/client.go:107.2,108.17 2 1
github.com/hashicorp/copywrite/github/client.go:108.17,110.3 1 1
github.com/hashicorp/copywrite/github/client.go:112.2,113.18 2 1
github.com/hashicorp/copywrite/github/client.go:117.30,126.44 3 1
github.com/hashicorp/copywrite/github/client.go:126.44,128.17 2 1
github.com/hashicorp/copywrite/github/client.go:128.17,130.4 1 1
github.com/hashicorp/copywrite/github/client.go:132.3,134.31 3 1
github.com/hashicorp/copywrite/github/client.go:140.2,140.59 1 1
github.com/hashicorp/copywrite/github/client.go:140.59,148.3 4 1
github.com/hashicorp/copywrite/github/client.go:152.2,152.51 1 1
github.com/hashicorp/copywrite/github/client.go:152.51,160.3 4 1
github.com/hashicorp/copywrite/github/client.go:164.2,165.45 2 1
github.com/hashicorp/copywrite/github/repo.go:26.37,28.16 2 1
github.com/hashicorp/copywrite/github/repo.go:28.16,30.3 1 1
github.com/hashicorp/copywrite/github/repo.go:32.2,35.8 1 1
github.com/hashicorp/copywrite/github/repo.go:47.75,49.16 2 1
github.com/hashicorp/copywrite/github/repo.go:49.16,51.3 1 1
github.com/hashicorp/copywrite/github/repo.go:53.2,54.15 2 1
github.com/hashicorp/copywrite/github/repo.go:54.15,56.3 1 0
github.com/hashicorp/copywrite/github/repo.go:58.2,58.18 1 1
github.com/hashicorp/copywrite/github/actions/core.go:54.30,58.2 2 1
github.com/hashicorp/copywrite/github/actions/core.go:61.30,63.2 1 1
github.com/hashicorp/copywrite/github/actions/core.go:66.43,68.2 1 0
github.com/hashicorp/copywrite/github/actions/core.go:71.35,73.2 1 0
github.com/hashicorp/copywrite/github/actions/core.go:77.41,78.18 1 1
github.com/hashicorp/copywrite/github/actions/core.go:78.18,81.3 2 1
github.com/hashicorp/copywrite/github/actions/core.go:83.2,84.25 2 1
github.com/hashicorp/copywrite/github/actions/core.go:89.28,90.18 1 1
github.com/hashicorp/copywrite/github/actions/core.go:90.18,92.3 1 1
github.com/hashicorp/copywrite/github/actions/core.go:94.2,94.36 1 1
github.com/hashicorp/copywrite/github/actions/core.go:99.53,102.2 2 1
github.com/hashicorp/copywrite/github/actions/core.go:106.58,109.2 2 1
github.com/hashicorp/copywrite/github/actions/core.go:113.53,115.2 1 1
github.com/hashicorp/copywrite/github/actions/core.go:122.71,124.29 2 1
github.com/hashicorp/copywrite/github/actions/core.go:124.29,126.3 1 1
github.com/hashicorp/copywrite/github/actions/core.go:129.2,129.19 1 1
github.com/hashicorp/copywrite/github/actions/core.go:129.19,131.3 1 1
github.com/hashicorp/copywrite/github/actions/core.go:134.2,134.39 1 1
github.com/hashicorp/copywrite/github/actions/core.go:134.39,136.3 1 1
github.com/hashicorp/copywrite/github/actions/core.go:139.2,140.16 2 1
github.com/hashicorp/copywrite/github/actions/core.go:140.16,142.3 1 0
github.com/hashicorp/copywrite/github/actions/core.go:144.2,144.15 1 1
github.com/hashicorp/copywrite/github/actions/core.go:144.15,144.32 1 1
github.com/hashicorp/copywrite/github/actions/core.go:146.2,147.16 2 1
github.com/hashicorp/copywrite/github/actions/core.go:147.16,149.3 1 0
github.com/hashicorp/copywrite/github/actions/core.go:151.2,151.12 1 1
github.com/hashicorp/copywrite/github/actions/core.go:158.38,158.72 1 1
github.com/hashicorp/copywrite/github/actions/core.go:164.39,164.74 1 1
github.com/hashicorp/copywrite/github/actions/core.go:170.37,170.70 1 1
github.com/hashicorp/copywrite/github/actions/core.go:178.55,179.18 1 1
github.com/hashicorp/copywrite/github/actions/core.go:179.18,181.3 1 1
github.com/hashicorp/copywrite/github/actions/core.go:184.2,185.19 2 1
github.com/hashicorp/copywrite/github/actions/core.go:185.19,187.3 1 1
github.com/hashicorp/copywrite/github/actions/core.go:188.2,188.18 1 1
github.com/hashicorp/copywrite/github/actions/core.go:188.18,190.3 1 1
github.com/hashicorp/copywrite/github/actions/core.go:191.2,191.17 1 1
github.com/hashicorp/copywrite/github/actions/core.go:191.17,193.3 1 1
github.com/hashicorp/copywrite/github/actions/core.go:194.2,194.20 1 1
github.com/hashicorp/copywrite/github/actions/core.go:194.20,196.3 1 1
github.com/hashicorp/copywrite/github/actions/core.go:201.2,202.25 2 1
github.com/hashicorp/copywrite/github/actions/core.go:206.56,208.2 1 1
github.com/hashicorp/copywrite/cmd/debug.go:27.50,29.21 1 1
github.com/hashicorp/copywrite/cmd/debug.go:29.21,32.4 2 0
github.com/hashicorp/copywrite/cmd/debug.go:35.3,35.34 1 1
github.com/hashicorp/copywrite/cmd/debug.go:37.47,38.27 1 0
github.com/hashicorp/copywrite/cmd/debug.go:38.27,41.4 2 0
github.com/hashicorp/copywrite/cmd/debug.go:46.3,54.21 5 0
github.com/hashicorp/copywrite/cmd/debug.go:54.21,56.4 1 0
github.com/hashicorp/copywrite/cmd/debug.go:57.3,66.42 6 0
github.com/hashicorp/copywrite/cmd/debug.go:66.42,68.4 1 0
github.com/hashicorp/copywrite/cmd/debug.go:68.9,70.4 1 0
github.com/hashicorp/copywrite/cmd/debug.go:75.3,83.18 5 0
github.com/hashicorp/copywrite/cmd/debug.go:83.18,85.4 1 0
github.com/hashicorp/copywrite/cmd/debug.go:85.9,87.4 1 0
github.com/hashicorp/copywrite/cmd/debug.go:92.3,94.17 3 0
github.com/hashicorp/copywrite/cmd/debug.go:94.17,96.4 1 0
github.com/hashicorp/copywrite/cmd/debug.go:96.9,99.4 2 0
github.com/hashicorp/copywrite/cmd/debug.go:100.3,113.134 8 0
github.com/hashicorp/copywrite/cmd/debug.go:117.13,122.2 2 1
github.com/hashicorp/copywrite/cmd/dispatch.go:33.50,48.17 4 0
github.com/hashicorp/copywrite/cmd/dispatch.go:48.17,50.4 1 0
github.com/hashicorp/copywrite/cmd/dispatch.go:51.3,54.34 2 0
github.com/hashicorp/copywrite/cmd/dispatch.go:54.34,57.4 2 0
github.com/hashicorp/copywrite/cmd/dispatch.go:59.47,69.42 5 0
github.com/hashicorp/copywrite/cmd/dispatch.go:69.42,71.49 2 0
github.com/hashicorp/copywrite/cmd/dispatch.go:71.49,73.5 1 0
github.com/hashicorp/copywrite/cmd/dispatch.go:74.4,77.80 2 0
github.com/hashicorp/copywrite/cmd/dispatch.go:77.80,80.5 2 0
github.com/hashicorp/copywrite/cmd/dispatch.go:83.3,86.11 3 0
github.com/hashicorp/copywrite/cmd/dispatch.go:86.11,88.34 2 0
github.com/hashicorp/copywrite/cmd/dispatch.go:88.34,90.5 1 0
github.com/hashicorp/copywrite/cmd/dispatch.go:91.4,92.10 2 0
github.com/hashicorp/copywrite/cmd/dispatch.go:97.3,116.47 7 0
github.com/hashicorp/copywrite/cmd/dispatch.go:116.47,118.4 1 0
github.com/hashicorp/copywrite/cmd/dispatch.go:121.3,121.33 1 0
github.com/hashicorp/copywrite/cmd/dispatch.go:121.33,123.4 1 0
github.com/hashicorp/copywrite/cmd/dispatch.go:127.3,131.33 3 0
github.com/hashicorp/copywrite/cmd/dispatch.go:131.33,133.23 2 0
github.com/hashicorp/copywrite/cmd/dispatch.go:133.23,135.5 1 0
github.com/hashicorp/copywrite/cmd/dispatch.go:138.3,138.24 1 0
github.com/hashicorp/copywrite/cmd/dispatch.go:138.24,140.31 2 0
github.com/hashicorp/copywrite/cmd/dispatch.go:140.31,142.5 1 0
github.com/hashicorp/copywrite/cmd/dispatch.go:148.13,160.2 9 1
github.com/hashicorp/copywrite/cmd/headers.go:43.50,45.21 1 1
github.com/hashicorp/copywrite/cmd/headers.go:45.21,48.4 2 0
github.com/hashicorp/copywrite/cmd/headers.go:51.3,59.17 4 1
github.com/hashicorp/copywrite/cmd/headers.go:59.17,61.4 1 0
github.com/hashicorp/copywrite/cmd/headers.go:62.3,66.49 3 1
github.com/hashicorp/copywrite/cmd/headers.go:66.49,70.4 3 0
github.com/hashicorp/copywrite/cmd/headers.go:72.47,73.11 1 1
github.com/hashicorp/copywrite/cmd/headers.go:73.11,75.4 1 1
github.com/hashicorp/copywrite/cmd/headers.go:77.3,77.33 1 1
github.com/hashicorp/copywrite/cmd/headers.go:77.33,79.4 1 1
github.com/hashicorp/copywrite/cmd/headers.go:79.9,81.4 1 1
github.com/hashicorp/copywrite/cmd/headers.go:82.3,84.42 2 1
github.com/hashicorp/copywrite/cmd/headers.go:84.42,86.4 1 1
github.com/hashicorp/copywrite/cmd/headers.go:86.9,88.48 2 1
github.com/hashicorp/copywrite/cmd/headers.go:88.48,90.5 1 1
github.com/hashicorp/copywrite/cmd/headers.go:91.4,91.18 1 1
github.com/hashicorp/copywrite/cmd/headers.go:93.3,109.23 7 1
github.com/hashicorp/copywrite/cmd/headers.go:109.23,110.12 1 1
github.com/hashicorp/copywrite/cmd/headers.go:110.12,112.5 1 1
github.com/hashicorp/copywrite/cmd/headers.go:112.10,114.5 1 0
github.com/hashicorp/copywrite/cmd/headers.go:118.3,145.31 6 1
github.com/hashicorp/copywrite/cmd/headers.go:145.31,147.4 1 1
github.com/hashicorp/copywrite/cmd/headers.go:148.3,149.34 2 1
github.com/hashicorp/copywrite/cmd/headers.go:149.34,151.4 1 0
github.com/hashicorp/copywrite/cmd/headers.go:151.9,151.24 1 1
github.com/hashicorp/copywrite/cmd/headers.go:151.24,153.4 1 1
github.com/hashicorp/copywrite/cmd/headers.go:154.3,159.34 2 1
github.com/hashicorp/copywrite/cmd/headers.go:159.34,161.4 1 1
github.com/hashicorp/copywrite/cmd/headers.go:163.3,166.22 2 1
github.com/hashicorp/copywrite/cmd/headers.go:170.13,180.2 5 1
github.com/hashicorp/copywrite/cmd/headers.go:184.107,187.24 3 1
github.com/hashicorp/copywrite/cmd/headers.go:187.24,189.3 1 0
github.com/hashicorp/copywrite/cmd/headers.go:191.2,213.17 14 1
github.com/hashicorp/copywrite/cmd/headers.go:213.17,215.3 1 0
github.com/hashicorp/copywrite/cmd/headers.go:218.2,219.31 2 1
github.com/hashicorp/copywrite/cmd/headers.go:219.31,220.13 1 1
github.com/hashicorp/copywrite/cmd/headers.go:220.13,223.25 2 1
github.com/hashicorp/copywrite/cmd/headers.go:223.25,226.126 2 1
github.com/hashicorp/copywrite/cmd/headers.go:226.126,228.27 2 1
github.com/hashicorp/copywrite/cmd/headers.go:228.27,230.7 1 1
github.com/hashicorp/copywrite/cmd/headers.go:231.6,232.14 2 1
github.com/hashicorp/copywrite/cmd/headers.go:235.5,235.16 1 1
github.com/hashicorp/copywrite/cmd/headers.go:235.16,237.31 2 1
github.com/hashicorp/copywrite/cmd/headers.go:237.31,241.7 3 0
github.com/hashicorp/copywrite/cmd/headers.go:242.11,244.35 2 1
github.com/hashicorp/copywrite/cmd/headers.go:244.35,248.7 3 1
github.com/hashicorp/copywrite/cmd/headers.go:255.2,255.12 1 1
github.com/hashicorp/copywrite/cmd/headers.go:255.12,256.79 1 1
github.com/hashicorp/copywrite/cmd/headers.go:256.79,258.53 1 1
github.com/hashicorp/copywrite/cmd/headers.go:258.53,260.5 1 1
github.com/hashicorp/copywrite/cmd/headers.go:262.4,262.18 1 1
github.com/hashicorp/copywrite/cmd/headers.go:262.18,264.5 1 0
github.com/hashicorp/copywrite/cmd/headers.go:265.4,265.17 1 1
github.com/hashicorp/copywrite/cmd/headers.go:265.17,266.69 1 1
github.com/hashicorp/copywrite/cmd/headers.go:266.69,268.6 1 0
github.com/hashicorp/copywrite/cmd/headers.go:269.5,269.15 1 1
github.com/hashicorp/copywrite/cmd/headers.go:275.4,275.36 1 1
github.com/hashicorp/copywrite/cmd/headers.go:275.36,277.5 1 0
github.com/hashicorp/copywrite/cmd/headers.go:281.4,282.14 2 1
github.com/hashicorp/copywrite/cmd/headers.go:284.3,284.12 1 1
github.com/hashicorp/copywrite/cmd/headers.go:288.2,294.50 4 1
github.com/hashicorp/copywrite/cmd/headers.go:298.98,300.23 1 1
github.com/hashicorp/copywrite/cmd/headers.go:300.23,302.3 1 1
github.com/hashicorp/copywrite/cmd/headers.go:304.2,305.24 2 1
github.com/hashicorp/copywrite/cmd/headers.go:305.24,307.3 1 0
github.com/hashicorp/copywrite/cmd/headers.go:309.2,317.13 5 1
github.com/hashicorp/copywrite/cmd/headers.go:317.13,319.28 2 1
github.com/hashicorp/copywrite/cmd/headers.go:319.28,321.4 1 1
github.com/hashicorp/copywrite/cmd/headers.go:322.8,324.32 2 1
github.com/hashicorp/copywrite/cmd/headers.go:324.32,326.4 1 1
github.com/hashicorp/copywrite/cmd/init.go:41.50,44.48 2 1
github.com/hashicorp/copywrite/cmd/init.go:44.48,46.4 1 1
github.com/hashicorp/copywrite/cmd/init.go:49.3,52.48 3 1
github.com/hashicorp/copywrite/cmd/init.go:52.48,55.4 2 1
github.com/hashicorp/copywrite/cmd/init.go:57.47,75.53 7 1
github.com/hashicorp/copywrite/cmd/init.go:75.53,78.18 3 0
github.com/hashicorp/copywrite/cmd/init.go:78.18,81.37 2 0
github.com/hashicorp/copywrite/cmd/init.go:81.37,83.6 1 0
github.com/hashicorp/copywrite/cmd/init.go:86.5,86.37 1 0
github.com/hashicorp/copywrite/cmd/init.go:86.37,89.6 2 0
github.com/hashicorp/copywrite/cmd/init.go:94.3,94.74 1 1
github.com/hashicorp/copywrite/cmd/init.go:94.74,97.4 2 0
github.com/hashicorp/copywrite/cmd/init.go:97.9,99.4 1 1
github.com/hashicorp/copywrite/cmd/init.go:102.3,104.16 3 1
github.com/hashicorp/copywrite/cmd/init.go:104.16,104.45 1 1
github.com/hashicorp/copywrite/cmd/init.go:106.3,111.54 5 1
github.com/hashicorp/copywrite/cmd/init.go:115.13,123.2 4 1
github.com/hashicorp/copywrite/cmd/init.go:131.55,152.16 2 1
github.com/hashicorp/copywrite/cmd/init.go:152.16,154.3 1 0
github.com/hashicorp/copywrite/cmd/init.go:156.2,157.16 2 1
github.com/hashicorp/copywrite/cmd/init.go:157.16,159.3 1 1
github.com/hashicorp/copywrite/cmd/init.go:161.2,161.12 1 1
github.com/hashicorp/copywrite/cmd/init.go:167.52,181.55 4 0
github.com/hashicorp/copywrite/cmd/init.go:181.55,182.19 1 0
github.com/hashicorp/copywrite/cmd/init.go:183.25,184.41 1 0
github.com/hashicorp/copywrite/cmd/init.go:186.29,187.36 1 0
github.com/hashicorp/copywrite/cmd/init.go:188.21,189.50 1 0
github.com/hashicorp/copywrite/cmd/init.go:190.14,191.16 1 0
github.com/hashicorp/copywrite/cmd/init.go:203.42,205.19 2 0
github.com/hashicorp/copywrite/cmd/init.go:205.19,207.6 1 0
github.com/hashicorp/copywrite/cmd/init.go:210.5,212.35 3 0
github.com/hashicorp/copywrite/cmd/init.go:212.35,214.6 1 0
github.com/hashicorp/copywrite/cmd/init.go:216.5,216.15 1 0
github.com/hashicorp/copywrite/cmd/init.go:221.2,228.16 3 0
github.com/hashicorp/copywrite/cmd/init.go:228.16,230.3 1 0
github.com/hashicorp/copywrite/cmd/init.go:232.2,235.12 3 0
github.com/hashicorp/copywrite/cmd/license.go:34.50,48.38 5 1
github.com/hashicorp/copywrite/cmd/license.go:48.38,53.18 4 0
github.com/hashicorp/copywrite/cmd/license.go:53.18,55.5 1 0
github.com/hashicorp/copywrite/cmd/license.go:57.4,59.18 3 0
github.com/hashicorp/copywrite/cmd/license.go:59.18,61.5 1 0
github.com/hashicorp/copywrite/cmd/license.go:62.4,62.37 1 0
github.com/hashicorp/copywrite/cmd/license.go:65.47,78.17 7 1
github.com/hashicorp/copywrite/cmd/license.go:78.17,80.4 1 0
github.com/hashicorp/copywrite/cmd/license.go:81.3,85.28 3 1
github.com/hashicorp/copywrite/cmd/license.go:85.28,90.4 4 1
github.com/hashicorp/copywrite/cmd/license.go:92.3,92.29 1 1
github.com/hashicorp/copywrite/cmd/license.go:92.29,93.12 1 1
github.com/hashicorp/copywrite/cmd/license.go:93.12,95.5 1 1
github.com/hashicorp/copywrite/cmd/license.go:97.4,99.18 3 1
github.com/hashicorp/copywrite/cmd/license.go:99.18,101.5 1 0
github.com/hashicorp/copywrite/cmd/license.go:102.4,103.15 2 1
github.com/hashicorp/copywrite/cmd/license.go:106.3,106.29 1 1
github.com/hashicorp/copywrite/cmd/license.go:106.29,108.4 1 1
github.com/hashicorp/copywrite/cmd/license.go:113.3,113.11 1 1
github.com/hashicorp/copywrite/cmd/license.go:113.11,116.27 3 0
github.com/hashicorp/copywrite/cmd/license.go:116.27,120.5 3 0
github.com/hashicorp/copywrite/cmd/license.go:120.10,122.5 1 0
github.com/hashicorp/copywrite/cmd/license.go:123.9,125.18 2 1
github.com/hashicorp/copywrite/cmd/license.go:125.18,127.5 1 0
github.com/hashicorp/copywrite/cmd/license.go:128.4,128.23 1 1
github.com/hashicorp/copywrite/cmd/license.go:134.3,137.17 3 1
github.com/hashicorp/copywrite/cmd/license.go:137.17,139.4 1 0
github.com/hashicorp/copywrite/cmd/license.go:140.3,143.17 3 1
github.com/hashicorp/copywrite/cmd/license.go:143.17,145.4 1 0
github.com/hashicorp/copywrite/cmd/license.go:146.3,148.19 2 1
github.com/hashicorp/copywrite/cmd/license.go:148.19,149.25 1 1
github.com/hashicorp/copywrite/cmd/license.go:149.25,151.5 1 1
github.com/hashicorp/copywrite/cmd/license.go:151.10,155.5 3 0
github.com/hashicorp/copywrite/cmd/license.go:156.9,157.12 1 1
github.com/hashicorp/copywrite/cmd/license.go:157.12,159.5 1 0
github.com/hashicorp/copywrite/cmd/license.go:161.4,163.18 3 1
github.com/hashicorp/copywrite/cmd/license.go:163.18,165.5 1 0
github.com/hashicorp/copywrite/cmd/license.go:166.4,166.23 1 1
github.com/hashicorp/copywrite/cmd/license.go:171.13,183.2 6 1
github.com/hashicorp/copywrite/cmd/license.go:187.60,192.20 3 1
github.com/hashicorp/copywrite/cmd/license.go:192.20,193.104 1 1
github.com/hashicorp/copywrite/cmd/license.go:193.104,195.4 1 1
github.com/hashicorp/copywrite/cmd/license.go:195.9,198.4 1 1
github.com/hashicorp/copywrite/cmd/license.go:202.2,203.151 2 1
github.com/hashicorp/copywrite/cmd/license.go:203.151,205.3 1 0
github.com/hashicorp/copywrite/cmd/license.go:208.2,208.26 1 1
github.com/hashicorp/copywrite/cmd/license.go:208.26,210.3 1 1
github.com/hashicorp/copywrite/cmd/license.go:213.2,213.50 1 1
github.com/hashicorp/copywrite/cmd/report.go:19.13,21.2 1 1
github.com/hashicorp/copywrite/cmd/report_prs.go:32.47,34.10 1 0
github.com/hashicorp/copywrite/cmd/report_prs.go:34.10,36.4 1 0
github.com/hashicorp/copywrite/cmd/report_prs.go:38.3,49.17 4 0
github.com/hashicorp/copywrite/cmd/report_prs.go:50.25,51.49 1 0
github.com/hashicorp/copywrite/cmd/report_prs.go:52.14,52.14 0 0
github.com/hashicorp/copywrite/cmd/report_prs.go:54.11,57.23 3 0
github.com/hashicorp/copywrite/cmd/report_prs.go:62.3,63.7 2 0
github.com/hashicorp/copywrite/cmd/report_prs.go:63.7,69.38 3 0
github.com/hashicorp/copywrite/cmd/report_prs.go:69.38,71.5 1 0
github.com/hashicorp/copywrite/cmd/report_prs.go:74.4,74.29 1 0
github.com/hashicorp/copywrite/cmd/report_prs.go:74.29,75.10 1 0
github.com/hashicorp/copywrite/cmd/report_prs.go:77.4,77.31 1 0
github.com/hashicorp/copywrite/cmd/report_prs.go:82.3,85.25 3 0
github.com/hashicorp/copywrite/cmd/report_prs.go:85.25,98.4 5 0
github.com/hashicorp/copywrite/cmd/report_prs.go:100.3,100.10 1 0
github.com/hashicorp/copywrite/cmd/report_prs.go:100.10,102.4 1 0
github.com/hashicorp/copywrite/cmd/report_prs.go:102.9,104.4 1 0
github.com/hashicorp/copywrite/cmd/report_prs.go:108.13,114.2 4 1
github.com/hashicorp/copywrite/cmd/report_repos.go:28.50,33.17 4 0
github.com/hashicorp/copywrite/cmd/report_repos.go:33.17,35.4 1 0
github.com/hashicorp/copywrite/cmd/report_repos.go:36.3,36.22 1 0
github.com/hashicorp/copywrite/cmd/report_repos.go:38.47,41.17 2 0
github.com/hashicorp/copywrite/cmd/report_repos.go:41.17,43.4 1 0
github.com/hashicorp/copywrite/cmd/report_repos.go:44.3,51.17 4 0
github.com/hashicorp/copywrite/cmd/report_repos.go:51.17,53.4 1 0
github.com/hashicorp/copywrite/cmd/report_repos.go:54.3,60.32 4 0
github.com/hashicorp/copywrite/cmd/report_repos.go:60.32,63.32 2 0
github.com/hashicorp/copywrite/cmd/report_repos.go:63.32,65.5 1 0
github.com/hashicorp/copywrite/cmd/report_repos.go:67.4,67.20 1 0
github.com/hashicorp/copywrite/cmd/report_repos.go:71.3,75.17 3 0
github.com/hashicorp/copywrite/cmd/report_repos.go:75.17,77.4 1 0
github.com/hashicorp/copywrite/cmd/report_repos.go:78.3,84.17 5 0
github.com/hashicorp/copywrite/cmd/report_repos.go:84.17,86.4 1 0
github.com/hashicorp/copywrite/cmd/report_repos.go:87.3,87.22 1 0
github.com/hashicorp/copywrite/cmd/report_repos.go:91.13,96.2 3 1
github.com/hashicorp/copywrite/cmd/root.go:45.16,47.16 2 0
github.com/hashicorp/copywrite/cmd/root.go:47.16,51.3 2 0
github.com/hashicorp/copywrite/cmd/root.go:54.13,68.2 5 1
github.com/hashicorp/copywrite/cmd/root.go:70.19,73.36 2 1
github.com/hashicorp/copywrite/cmd/root.go:73.36,75.3 1 1
github.com/hashicorp/copywrite/cmd/root.go:76.2,76.21 1 1
github.com/hashicorp/copywrite/cmd/root.go:79.19,85.38 2 1
github.com/hashicorp/copywrite/cmd/root.go:85.38,87.3 1 1
github.com/hashicorp/copywrite/cmd/root.go:92.2,93.14 2 1
github.com/hashicorp/copywrite/cmd/root.go:93.14,95.3 1 1
github.com/hashicorp/copywrite/cmd/root.go:97.2,103.4 2 1
github.com/hashicorp/copywrite/cmd/utils.go:25.26,27.2 1 1
github.com/hashicorp/copywrite/cmd/utils.go:34.49,54.2 10 1
github.com/hashicorp/copywrite/cmd/utils.go:56.45,58.22 2 1
github.com/hashicorp/copywrite/cmd/utils.go:58.22,60.3 1 1
github.com/hashicorp/copywrite/cmd/utils.go:61.2,61.12 1 1
github.com/hashicorp/copywrite/cmd/utils.go:75.54,76.22 1 1
github.com/hashicorp/copywrite/cmd/utils.go:76.22,78.3 1 1
github.com/hashicorp/copywrite/cmd/utils.go:79.2,80.27 2 1
github.com/hashicorp/copywrite/cmd/utils.go:80.27,82.3 1 1
github.com/hashicorp/copywrite/cmd/utils.go:83.2,84.31 2 1
github.com/hashicorp/copywrite/repodata/repodata.go:20.72,31.6 4 0
github.com/hashicorp/copywrite/repodata/repodata.go:31.6,33.17 2 0
github.com/hashicorp/copywrite/repodata/repodata.go:33.17,37.4 2 0
github.com/hashicorp/copywrite/repodata/repodata.go:40.3,43.28 2 0
github.com/hashicorp/copywrite/repodata/repodata.go:43.28,44.9 1 0
github.com/hashicorp/copywrite/repodata/repodata.go:46.3,46.30 1 0
github.com/hashicorp/copywrite/repodata/repodata.go:48.2,48.22 1 0
github.com/hashicorp/copywrite/repodata/repodata.go:52.67,53.54 1 1
github.com/hashicorp/copywrite/repodata/repodata.go:53.54,57.3 1 1
github.com/hashicorp/copywrite/repodata/repodata.go:58.2,58.36 1 1
github.com/hashicorp/copywrite/repodata/repodata.go:62.78,65.29 2 1
github.com/hashicorp/copywrite/repodata/repodata.go:65.29,69.17 3 1
github.com/hashicorp/copywrite/repodata/repodata.go:69.17,71.4 1 0
github.com/hashicorp/copywrite/repodata/repodata.go:74.3,74.42 1 1
github.com/hashicorp/copywrite/repodata/repodata.go:74.42,80.41 3 1
github.com/hashicorp/copywrite/repodata/repodata.go:80.41,81.38 1 1
github.com/hashicorp/copywrite/repodata/repodata.go:82.18,83.21 1 1
github.com/hashicorp/copywrite/repodata/repodata.go:84.26,85.25 1 1
github.com/hashicorp/copywrite/repodata/repodata.go:86.28,87.34 1 1
github.com/hashicorp/copywrite/repodata/repodata.go:88.13,88.13 0 0
github.com/hashicorp/copywrite/repodata/repodata.go:91.4,91.25 1 1
github.com/hashicorp/copywrite/repodata/repodata.go:93.3,93.45 1 1
github.com/hashicorp/copywrite/repodata/repodata.go:96.2,96.25 1 1
github.com/hashicorp/copywrite/repodata/repodata.go:100.59,103.24 2 1
github.com/hashicorp/copywrite/repodata/repodata.go:103.24,105.3 1 1
github.com/hashicorp/copywrite/repodata/repodata.go:108.2,111.16 4 1
github.com/hashicorp/copywrite/repodata/repodata.go:111.16,113.3 1 0
github.com/hashicorp/copywrite/repodata/repodata.go:115.2,115.31 1 1
github.com/hashicorp/copywrite/repodata/repodata.go:115.31,118.13 2 1
github.com/hashicorp/copywrite/repodata/repodata.go:118.13,121.4 2 1
github.com/hashicorp/copywrite/repodata/repodata.go:124.3,124.32 1 1
github.com/hashicorp/copywrite/repodata/repodata.go:125.16,125.16 0 1
github.com/hashicorp/copywrite/repodata/repodata.go:126.24,126.24 0 1
github.com/hashicorp/copywrite/repodata/repodata.go:127.26,127.26 0 1
github.com/hashicorp/copywrite/repodata/repodata.go:128.11,129.87 1 1
github.com/hashicorp/copywrite/repodata/repodata.go:133.2,133.20 1 1
github.com/hashicorp/copywrite/licensecheck/copyright.go:14.50,19.2 1 1
github.com/hashicorp/copywrite/licensecheck/copyright.go:27.105,29.16 2 1
github.com/hashicorp/copywrite/licensecheck/copyright.go:29.16,31.3 1 1
github.com/hashicorp/copywrite/licensecheck/copyright.go:34.2,35.16 2 1
github.com/hashicorp/copywrite/licensecheck/copyright.go:35.16,37.3 1 1
github.com/hashicorp/copywrite/licensecheck/copyright.go:39.2,41.20 3 1
github.com/hashicorp/copywrite/licensecheck/copyright.go:41.20,44.3 2 1
github.com/hashicorp/copywrite/licensecheck/copyright.go:45.2,45.46 1 1
github.com/hashicorp/copywrite/licensecheck/licensecheck.go:19.57,22.29 3 1
github.com/hashicorp/copywrite/licensecheck/licensecheck.go:22.29,25.17 3 1
github.com/hashicorp/copywrite/licensecheck/licensecheck.go:25.17,27.4 1 1
github.com/hashicorp/copywrite/licensecheck/licensecheck.go:28.8,30.3 1 1
github.com/hashicorp/copywrite/licensecheck/licensecheck.go:32.2,32.25 1 1
github.com/hashicorp/copywrite/licensecheck/licensecheck.go:37.54,39.16 2 1
github.com/hashicorp/copywrite/licensecheck/licensecheck.go:39.16,41.3 1 1
github.com/hashicorp/copywrite/licensecheck/licensecheck.go:42.2,43.40 2 1
github.com/hashicorp/copywrite/licensecheck/licensecheck.go:52.68,54.13 2 1
github.com/hashicorp/copywrite/licensecheck/licensecheck.go:54.13,57.3 2 1
github.com/hashicorp/copywrite/licensecheck/licensecheck.go:59.2,60.16 2 1
github.com/hashicorp/copywrite/licensecheck/licensecheck.go:60.16,62.3 1 0
github.com/hashicorp/copywrite/licensecheck/licensecheck.go:64.2,65.16 2 1
github.com/hashicorp/copywrite/licensecheck/licensecheck.go:65.16,67.3 1 1
github.com/hashicorp/copywrite/licensecheck/licensecheck.go:68.2,68.29 1 1
github.com/hashicorp/copywrite/licensecheck/licensecheck.go:72.57,76.16 2 1
github.com/hashicorp/copywrite/licensecheck/licensecheck.go:76.16,78.3 1 0
github.com/hashicorp/copywrite/licensecheck/licensecheck.go:81.2,83.57 2 1
github.com/hashicorp/copywrite/licensecheck/licensecheck.go:83.57,86.3 2 1
github.com/hashicorp/copywrite/licensecheck/licensecheck.go:88.2,88.21 1 1
github.com/hashicorp/copywrite/licensecheck/update.go:32.73,34.16 2 1
github.com/hashicorp/copywrite/licensecheck/update.go:34.16,36.3 1 0
github.com/hashicorp/copywrite/licensecheck/update.go:37.2,37.15 1 1
github.com/hashicorp/copywrite/licensecheck/update.go:37.15,37.35 1 1
github.com/hashicorp/copywrite/licensecheck/update.go:39.2,48.21 6 1
github.com/hashicorp/copywrite/licensecheck/update.go:48.21,53.16 3 1
github.com/hashicorp/copywrite/licensecheck/update.go:53.16,55.70 1 1
github.com/hashicorp/copywrite/licensecheck/update.go:55.70,57.5 1 1
github.com/hashicorp/copywrite/licensecheck/update.go:59.4,59.57 1 1
github.com/hashicorp/copywrite/licensecheck/update.go:59.57,61.5 1 1
github.com/hashicorp/copywrite/licensecheck/update.go:65.3,65.59 1 1
github.com/hashicorp/copywrite/licensecheck/update.go:65.59,67.19 2 1
github.com/hashicorp/copywrite/licensecheck/update.go:67.19,69.5 1 1
github.com/hashicorp/copywrite/licensecheck/update.go:73.2,73.34 1 1
github.com/hashicorp/copywrite/licensecheck/update.go:81.107,87.29 4 1
github.com/hashicorp/copywrite/licensecheck/update.go:87.29,88.46 1 1
github.com/hashicorp/copywrite/licensecheck/update.go:88.46,89.38 1 1
github.com/hashicorp/copywrite/licensecheck/update.go:89.38,92.5 2 1
github.com/hashicorp/copywrite/licensecheck/update.go:96.2,100.19 4 1
github.com/hashicorp/copywrite/licensecheck/update.go:100.19,104.37 2 1
github.com/hashicorp/copywrite/licensecheck/update.go:104.37,105.41 1 1
github.com/hashicorp/copywrite/licensecheck/update.go:105.41,107.5 1 1
github.com/hashicorp/copywrite/licensecheck/update.go:107.10,108.10 1 1
github.com/hashicorp/copywrite/licensecheck/update.go:113.3,116.28 3 1
github.com/hashicorp/copywrite/licensecheck/update.go:116.28,118.4 1 1
github.com/hashicorp/copywrite/licensecheck/update.go:119.8,122.41 2 1
github.com/hashicorp/copywrite/licensecheck/update.go:122.41,127.4 3 1
github.com/hashicorp/copywrite/licensecheck/update.go:127.9,130.4 1 0
github.com/hashicorp/copywrite/licensecheck/update.go:135.2,136.54 2 1
github.com/hashicorp/copywrite/licensecheck/update.go:136.54,138.3 1 1
github.com/hashicorp/copywrite/licensecheck/update.go:141.2,159.27 7 1
github.com/hashicorp/copywrite/licensecheck/update.go:159.27,162.3 2 1
github.com/hashicorp/copywrite/licensecheck/update.go:165.2,168.27 2 1
github.com/hashicorp/copywrite/licensecheck/update.go:168.27,173.60 3 1
github.com/hashicorp/copywrite/licensecheck/update.go:173.60,175.59 2 1
github.com/hashicorp/copywrite/licensecheck/update.go:175.59,177.5 1 1
github.com/hashicorp/copywrite/licensecheck/update.go:181.2,182.55 2 1
github.com/hashicorp/copywrite/licensecheck/update.go:182.55,184.26 2 1
github.com/hashicorp/copywrite/licensecheck/update.go:184.26,186.4 1 1
github.com/hashicorp/copywrite/licensecheck/update.go:191.2,192.50 2 1
github.com/hashicorp/copywrite/licensecheck/update.go:192.50,194.3 1 1
github.com/hashicorp/copywrite/licensecheck/update.go:196.2,200.42 3 1
github.com/hashicorp/copywrite/licensecheck/update.go:200.42,202.21 2 1
github.com/hashicorp/copywrite/licensecheck/update.go:202.21,204.4 1 1
github.com/hashicorp/copywrite/licensecheck/update.go:207.2,207.13 1 1
github.com/hashicorp/copywrite/licensecheck/update.go:211.47,214.41 3 1
github.com/hashicorp/copywrite/licensecheck/update.go:214.41,215.41 1 1
github.com/hashicorp/copywrite/licensecheck/update.go:215.41,217.4 1 1
github.com/hashicorp/copywrite/licensecheck/update.go:220.2,220.21 1 1
github.com/hashicorp/copywrite/licensecheck/update.go:236.39,241.2 1 1
github.com/hashicorp/copywrite/licensecheck/update.go:288.82,290.40 2 1
github.com/hashicorp/copywrite/licensecheck/update.go:290.40,294.3 1 1
github.com/hashicorp/copywrite/licensecheck/update.go:295.2,295.24 1 1
github.com/hashicorp/copywrite/licensecheck/update.go:300.64,301.23 1 1
github.com/hashicorp/copywrite/licensecheck/update.go:301.23,303.3 1 0
github.com/hashicorp/copywrite/licensecheck/update.go:306.2,306.78 1 1
github.com/hashicorp/copywrite/licensecheck/update.go:306.78,307.48 1 0
github.com/hashicorp/copywrite/licensecheck/update.go:307.48,308.61 1 0
github.com/hashicorp/copywrite/licensecheck/update.go:308.61,310.5 1 0
github.com/hashicorp/copywrite/licensecheck/update.go:315.2,316.28 2 1
github.com/hashicorp/copywrite/licensecheck/update.go:316.28,317.16 1 1
github.com/hashicorp/copywrite/licensecheck/update.go:317.16,319.9 2 1
github.com/hashicorp/copywrite/licensecheck/update.go:324.2,325.42 2 1
github.com/hashicorp/copywrite/licensecheck/update.go:325.42,326.44 1 1
github.com/hashicorp/copywrite/licensecheck/update.go:326.44,328.4 1 1
github.com/hashicorp/copywrite/licensecheck/update.go:331.2,331.14 1 1
github.com/hashicorp/copywrite/licensecheck/update.go:335.68,339.2 3 1
github.com/hashicorp/copywrite/licensecheck/update.go:342.76,344.19 2 1
github.com/hashicorp/copywrite/licensecheck/update.go:344.19,346.3 1 1
github.com/hashicorp/copywrite/licensecheck/update.go:349.2,349.53 1 1
github.com/hashicorp/copywrite/licensecheck/update.go:349.53,351.21 2 1
github.com/hashicorp/copywrite/licensecheck/update.go:351.21,353.4 1 1
github.com/hashicorp/copywrite/licensecheck/update.go:356.2,357.16 2 1
github.com/hashicorp/copywrite/licensecheck/update.go:357.16,359.3 1 1
github.com/hashicorp/copywrite/licensecheck/update.go:361.2,361.18 1 1
github.com/hashicorp/copywrite/licensecheck/update.go:373.20,380.100 5 1
github.com/hashicorp/copywrite/licensecheck/update.go:380.100,383.3 2 1
github.com/hashicorp/copywrite/licensecheck/update.go:386.2,386.35 1 1
github.com/hashicorp/copywrite/licensecheck/update.go:386.35,387.33 1 0
github.com/hashicorp/copywrite/licensecheck/update.go:387.33,390.4 2 0
github.com/hashicorp/copywrite/licensecheck/update.go:394.2,394.52 1 1
github.com/hashicorp/copywrite/licensecheck/update.go:394.52,397.3 2 1
github.com/hashicorp/copywrite/licensecheck/update.go:400.2,400.16 1 1
github.com/hashicorp/copywrite/licensecheck/update.go:400.16,401.24 1 1
github.com/hashicorp/copywrite/licensecheck/update.go:401.24,402.30 1 0
github.com/hashicorp/copywrite/licensecheck/update.go:402.30,404.5 1 0
github.com/hashicorp/copywrite/licensecheck/update.go:404.10,406.5 1 0
github.com/hashicorp/copywrite/licensecheck/update.go:407.4,407.23 1 0
github.com/hashicorp/copywrite/licensecheck/update.go:410.3,410.22 1 1
github.com/hashicorp/copywrite/licensecheck/update.go:410.22,413.4 2 1
github.com/hashicorp/copywrite/licensecheck/update.go:416.2,416.47 1 1
github.com/hashicorp/copywrite/licensecheck/update.go:420.53,425.16 2 1
github.com/hashicorp/copywrite/licensecheck/update.go:425.16,427.3 1 1
github.com/hashicorp/copywrite/licensecheck/update.go:428.2,428.55 1 1
github.com/hashicorp/copywrite/licensecheck/update.go:435.73,439.16 4 1
github.com/hashicorp/copywrite/licensecheck/update.go:439.16,441.3 1 1
github.com/hashicorp/copywrite/licensecheck/update.go:443.2,447.59 4 1
github.com/hashicorp/copywrite/licensecheck/update.go:447.59,449.17 2 1
github.com/hashicorp/copywrite/licensecheck/update.go:449.17,450.12 1 1
github.com/hashicorp/copywrite/licensecheck/update.go:453.3,453.46 1 1
github.com/hashicorp/copywrite/licensecheck/update.go:453.46,456.81 2 1
github.com/hashicorp/copywrite/licensecheck/update.go:456.81,458.43 2 1
github.com/hashicorp/copywrite/licensecheck/update.go:458.43,460.6 1 1
github.com/hashicorp/copywrite/licensecheck/update.go:463.3,463.22 1 1
github.com/hashicorp/copywrite/licensecheck/update.go:463.22,465.42 1 1
github.com/hashicorp/copywrite/licensecheck/update.go:465.42,467.5 1 1
github.com/hashicorp/copywrite/licensecheck/update.go:470.2,470.31 1 1
github.com/hashicorp/copywrite/licensecheck/update.go:479.48,480.17 1 1
github.com/hashicorp/copywrite/licensecheck/update.go:480.17,482.17 2 1
github.com/hashicorp/copywrite/licensecheck/update.go:482.17,484.4 1 1
github.com/hashicorp/copywrite/licensecheck/update.go:484.9,487.4 2 1
github.com/hashicorp/copywrite/licensecheck/update.go:489.2,489.12 1 1
github.com/hashicorp/copywrite/licensecheck/update.go:492.81,493.60 1 1
github.com/hashicorp/copywrite/licensecheck/update.go:493.60,495.3 1 1
github.com/hashicorp/copywrite/licensecheck/update.go:496.2,496.53 1 1
github.com/hashicorp/copywrite/licensecheck/update.go:500.75,502.16 2 1
github.com/hashicorp/copywrite/licensecheck/update.go:502.16,504.3 1 0
github.com/hashicorp/copywrite/licensecheck/update.go:510.2,510.65 1 1
github.com/hashicorp/copywrite/licensecheck/update.go:510.65,512.3 1 1
github.com/hashicorp/copywrite/licensecheck/update.go:515.2,516.16 2 1
github.com/hashicorp/copywrite/licensecheck/update.go:516.16,518.3 1 1
github.com/hashicorp/copywrite/licensecheck/update.go:520.2,520.83 1 1
github.com/hashicorp/copywrite/licensecheck/update.go:520.83,522.3 1 1
github.com/hashicorp/copywrite/licensecheck/update.go:522.8,524.3 1 1
github.com/hashicorp/copywrite/licensecheck/update.go:529.61,532.16 2 1
github.com/hashicorp/copywrite/licensecheck/update.go:532.16,534.3 1 1
github.com/hashicorp/copywrite/licensecheck/update.go:536.2,538.35 2 1
github.com/hashicorp/copywrite/licensecheck/update.go:542.60,545.16 2 1
github.com/hashicorp/copywrite/licensecheck/update.go:545.16,547.3 1 1
github.com/hashicorp/copywrite/licensecheck/update.go:549.2,550.16 2 0
github.com/hashicorp/copywrite/licensecheck/update.go:550.16,552.3 1 0
github.com/hashicorp/copywrite/licensecheck/update.go:554.2,554.46 1 0
github.com/hashicorp/copywrite/licensecheck/update.go:572.3,575.50 2 1
github.com/hashicorp/copywrite/licensecheck/update.go:575.50,577.3 1 1
github.com/hashicorp/copywrite/licensecheck/update.go:579.2,586.34 2 1
github.com/hashicorp/copywrite/licensecheck/update.go:586.34,588.85 1 1
github.com/hashicorp/copywrite/licensecheck/update.go:588.85,589.12 1 1
github.com/hashicorp/copywrite/licensecheck/update.go:592.3,596.19 2 1
github.com/hashicorp/copywrite/licensecheck/update.go:596.19,606.4 1 1
github.com/hashicorp/copywrite/licensecheck/update.go:609.2,609.16 1 1
github.com/hashicorp/copywrite/licensecheck/update.go:615.137,619.2 3 1
github.com/hashicorp/copywrite/licensecheck/update.go:625.182,627.49 1 1
github.com/hashicorp/copywrite/licensecheck/update.go:627.49,629.3 1 1
github.com/hashicorp/copywrite/licensecheck/update.go:632.2,633.16 2 1
github.com/hashicorp/copywrite/licensecheck/update.go:633.16,635.3 1 0
github.com/hashicorp/copywrite/licensecheck/update.go:638.2,638.26 1 1
github.com/hashicorp/copywrite/licensecheck/update.go:638.26,640.3 1 1
github.com/hashicorp/copywrite/licensecheck/update.go:643.2,644.16 2 1
github.com/hashicorp/copywrite/licensecheck/update.go:644.16,646.3 1 0
github.com/hashicorp/copywrite/licensecheck/update.go:648.2,648.26 1 1
github.com/hashicorp/copywrite/licensecheck/update.go:648.26,651.3 1 1
github.com/hashicorp/copywrite/licensecheck/update.go:653.2,657.20 3 1
github.com/hashicorp/copywrite/licensecheck/update.go:657.20,659.3 1 0
github.com/hashicorp/copywrite/licensecheck/update.go:663.2,667.23 2 1
github.com/hashicorp/copywrite/licensecheck/update.go:667.23,669.3 1 1
github.com/hashicorp/copywrite/licensecheck/update.go:672.2,673.33 2 1
github.com/hashicorp/copywrite/licensecheck/update.go:673.33,675.58 2 1
github.com/hashicorp/copywrite/licensecheck/update.go:675.58,676.12 1 0
github.com/hashicorp/copywrite/licensecheck/update.go:680.3,681.47 2 1
github.com/hashicorp/copywrite/licensecheck/update.go:681.47,683.4 1 0
github.com/hashicorp/copywrite/licensecheck/update.go:683.9,685.4 1 1
github.com/hashicorp/copywrite/licensecheck/update.go:688.3,689.30 2 1
github.com/hashicorp/copywrite/licensecheck/update.go:689.30,691.4 1 0
github.com/hashicorp/copywrite/licensecheck/update.go:695.3,697.63 3 1
github.com/hashicorp/copywrite/licensecheck/update.go:697.63,699.4 1 1
github.com/hashicorp/copywrite/licensecheck/update.go:699.9,702.4 1 1
github.com/hashicorp/copywrite/licensecheck/update.go:706.2,708.16 3 1
github.com/hashicorp/copywrite/licensecheck/update.go:708.16,710.3 1 0
github.com/hashicorp/copywrite/licensecheck/update.go:712.2,712.18 1 1
github.com/hashicorp/copywrite/licensecheck/update.go:718.127,722.2 3 1
github.com/hashicorp/copywrite/licensecheck/update.go:728.178,730.49 1 1
github.com/hashicorp/copywrite/licensecheck/update.go:730.49,732.3 1 1
github.com/hashicorp/copywrite/licensecheck/update.go:735.2,736.16 2 1
github.com/hashicorp/copywrite/licensecheck/update.go:736.16,738.3 1 0
github.com/hashicorp/copywrite/licensecheck/update.go:741.2,741.26 1 1
github.com/hashicorp/copywrite/licensecheck/update.go:741.26,743.3 1 1
github.com/hashicorp/copywrite/licensecheck/update.go:746.2,747.16 2 1
github.com/hashicorp/copywrite/licensecheck/update.go:747.16,749.3 1 0
github.com/hashicorp/copywrite/licensecheck/update.go:751.2,751.26 1 1
github.com/hashicorp/copywrite/licensecheck/update.go:751.26,753.3 1 0
github.com/hashicorp/copywrite/licensecheck/update.go:755.2,757.23 3 1
github.com/hashicorp/copywrite/licensecheck/update.go:757.23,759.3 1 1
github.com/hashicorp/copywrite/licensecheck/update.go:762.2,766.30 2 1
